<?xml version="1.0" encoding="UTF-8"?>
<!-- Generated by org.testng.reporters.JUnitReportReporter -->
<testsuite hostname="LAPTOP-FKE7NNGM" failures="0" tests="4" name="TestNG.PriorityFlagPrvctice" time="0.014" errors="0" timestamp="2024-10-18T16:18:10 IST" skipped="0">
  <testcase classname="TestNG.PriorityFlagPrvctice" name="demo3" time="0.006"/>
  <system-out>
    <![CDATA[demo3]]>
  </system-out>
  <testcase classname="TestNG.PriorityFlagPrvctice" name="demo2" time="0.001"/>
  <system-out>
    <![CDATA[demo2]]>
  </system-out>
  <testcase classname="TestNG.PriorityFlagPrvctice" name="demo1" time="0.003"/>
  <system-out>
    <![CDATA[demo]]>
  </system-out>
  <testcase classname="TestNG.PriorityFlagPrvctice" name="demo4" time="0.004"/>
  <system-out>
    <![CDATA[demo4]]>
  </system-out>
</testsuite> <!-- TestNG.PriorityFlagPrvctice -->
