<?xml version="1.0" encoding="UTF-8"?>
<!-- Generated by org.testng.reporters.JUnitReportReporter -->
<testsuite hostname="LAPTOP-FKE7NNGM" failures="0" tests="3" name="TestNG.EnabledPractice" time="0.010" errors="0" timestamp="2024-10-18T16:18:10 IST" skipped="1">
  <testcase classname="TestNG.EnabledPractice" name="demo1" time="0.004"/>
  <system-out>
    <![CDATA[demo1]]>
  </system-out>
  <testcase classname="TestNG.EnabledPractice" name="demo3" time="0.006"/>
  <system-out>
    <![CDATA[demo3]]>
  </system-out>
  <testcase classname="TestNG.EnabledPractice" name="demo4">
    <skipped/>
  </testcase> <!-- demo4 -->
  <system-out/>
</testsuite> <!-- TestNG.EnabledPractice -->
