<?xml version="1.0" encoding="UTF-8"?>
<!-- Generated by org.testng.reporters.JUnitReportReporter -->
<testsuite hostname="LAPTOP-FKE7NNGM" failures="0" tests="5" name="TestNG.InvocationCountPractice" time="0.023" errors="0" timestamp="2024-10-18T16:18:10 IST" skipped="0">
  <testcase classname="TestNG.InvocationCountPractice" name="demo1" time="0.002"/>
  <system-out>
    <![CDATA[demo1]]>
  </system-out>
  <testcase classname="TestNG.InvocationCountPractice" name="demo3" time="0.007"/>
  <system-out>
    <![CDATA[demo3]]>
  </system-out>
  <testcase classname="TestNG.InvocationCountPractice" name="demo3" time="0.005"/>
  <system-out>
    <![CDATA[demo3]]>
  </system-out>
  <testcase classname="TestNG.InvocationCountPractice" name="demo1" time="0.002"/>
  <system-out>
    <![CDATA[demo1]]>
  </system-out>
  <testcase classname="TestNG.InvocationCountPractice" name="demo1" time="0.007"/>
  <system-out>
    <![CDATA[demo1]]>
  </system-out>
</testsuite> <!-- TestNG.InvocationCountPractice -->
