<?xml version="1.0" encoding="UTF-8"?>
<!-- Generated by org.testng.reporters.JUnitReportReporter -->
<testsuite hostname="LAPTOP-FKE7NNGM" failures="0" tests="1" name="TestNG.MavenParameterization" time="0.024" errors="0" timestamp="2024-10-18T16:39:35 IST" skipped="0">
  <testcase classname="TestNG.MavenParameterization" name="paramerterizationTest" time="0.024"/>
  <system-out/>
</testsuite> <!-- TestNG.MavenParameterization -->
