<?xml version="1.0" encoding="UTF-8"?>
<!-- Generated by org.testng.reporters.JUnitReportReporter -->
<testsuite hostname="LAPTOP-FKE7NNGM" failures="0" tests="3" name="TestNG.PriorityInvocationEnble" time="0.019" errors="0" timestamp="2024-10-18T16:18:10 IST" skipped="1">
  <testcase classname="TestNG.PriorityInvocationEnble" name="demo3" time="0.017"/>
  <system-out>
    <![CDATA[demo3]]>
  </system-out>
  <testcase classname="TestNG.PriorityInvocationEnble" name="demo4" time="0.002"/>
  <system-out>
    <![CDATA[demo4]]>
  </system-out>
  <testcase classname="TestNG.PriorityInvocationEnble" name="demo2">
    <skipped/>
  </testcase> <!-- demo2 -->
  <system-out/>
</testsuite> <!-- TestNG.PriorityInvocationEnble -->
