<?xml version="1.0" encoding="UTF-8"?>
<!-- Generated by org.testng.reporters.JUnitReportReporter -->
<testsuite hostname="LAPTOP-FKE7NNGM" failures="0" tests="1" name="TestNG.SampleTest" time="0.003" errors="0" timestamp="2024-10-18T16:18:10 IST" skipped="0">
  <testcase classname="TestNG.SampleTest" name="demo" time="0.003"/>
  <system-out>
    <![CDATA[Hello World]]>
  </system-out>
</testsuite> <!-- TestNG.SampleTest -->
